<?xml version="1.0" encoding="UTF-8"?>
<testsuite xmlns:xsi="http://www.w3.org/2001/XMLSchema-instance" xsi:noNamespaceSchemaLocation="https://maven.apache.org/surefire/maven-surefire-plugin/xsd/surefire-test-report.xsd" name="cumcumberOptions.TestRunner" time="80.279" tests="40" errors="2" skipped="0" failures="0">
  <properties>
    <property name="sun.desktop" value="windows"/>
    <property name="awt.toolkit" value="sun.awt.windows.WToolkit"/>
    <property name="file.encoding.pkg" value="sun.io"/>
    <property name="java.specification.version" value="1.8"/>
    <property name="sun.cpu.isalist" value="amd64"/>
    <property name="sun.jnu.encoding" value="Cp1252"/>
    <property name="java.class.path" value="C:\Users\rixon\eclipse-workspace\HMRC\target\test-classes;C:\Users\rixon\eclipse-workspace\HMRC\target\classes;C:\Users\rixon\.m2\repository\info\cukes\cucumber-java\1.2.5\cucumber-java-1.2.5.jar;C:\Users\rixon\.m2\repository\info\cukes\cucumber-core\1.2.5\cucumber-core-1.2.5.jar;C:\Users\rixon\.m2\repository\info\cukes\cucumber-html\0.2.3\cucumber-html-0.2.3.jar;C:\Users\rixon\.m2\repository\info\cukes\cucumber-jvm-deps\1.0.5\cucumber-jvm-deps-1.0.5.jar;C:\Users\rixon\.m2\repository\info\cukes\gherkin\2.12.2\gherkin-2.12.2.jar;C:\Users\rixon\.m2\repository\org\apache\commons\commons-lang3\3.9\commons-lang3-3.9.jar;C:\Users\rixon\.m2\repository\org\seleniumhq\selenium\selenium-java\3.141.59\selenium-java-3.141.59.jar;C:\Users\rixon\.m2\repository\org\seleniumhq\selenium\selenium-api\3.141.59\selenium-api-3.141.59.jar;C:\Users\rixon\.m2\repository\org\seleniumhq\selenium\selenium-chrome-driver\3.141.59\selenium-chrome-driver-3.141.59.jar;C:\Users\rixon\.m2\repository\org\seleniumhq\selenium\selenium-edge-driver\3.141.59\selenium-edge-driver-3.141.59.jar;C:\Users\rixon\.m2\repository\org\seleniumhq\selenium\selenium-firefox-driver\3.141.59\selenium-firefox-driver-3.141.59.jar;C:\Users\rixon\.m2\repository\org\seleniumhq\selenium\selenium-ie-driver\3.141.59\selenium-ie-driver-3.141.59.jar;C:\Users\rixon\.m2\repository\org\seleniumhq\selenium\selenium-opera-driver\3.141.59\selenium-opera-driver-3.141.59.jar;C:\Users\rixon\.m2\repository\org\seleniumhq\selenium\selenium-remote-driver\3.141.59\selenium-remote-driver-3.141.59.jar;C:\Users\rixon\.m2\repository\org\seleniumhq\selenium\selenium-safari-driver\3.141.59\selenium-safari-driver-3.141.59.jar;C:\Users\rixon\.m2\repository\org\seleniumhq\selenium\selenium-support\3.141.59\selenium-support-3.141.59.jar;C:\Users\rixon\.m2\repository\net\bytebuddy\byte-buddy\1.8.15\byte-buddy-1.8.15.jar;C:\Users\rixon\.m2\repository\org\apache\commons\commons-exec\1.3\commons-exec-1.3.jar;C:\Users\rixon\.m2\repository\com\google\guava\guava\25.0-jre\guava-25.0-jre.jar;C:\Users\rixon\.m2\repository\com\google\code\findbugs\jsr305\1.3.9\jsr305-1.3.9.jar;C:\Users\rixon\.m2\repository\org\checkerframework\checker-compat-qual\2.0.0\checker-compat-qual-2.0.0.jar;C:\Users\rixon\.m2\repository\com\google\errorprone\error_prone_annotations\2.1.3\error_prone_annotations-2.1.3.jar;C:\Users\rixon\.m2\repository\com\google\j2objc\j2objc-annotations\1.1\j2objc-annotations-1.1.jar;C:\Users\rixon\.m2\repository\org\codehaus\mojo\animal-sniffer-annotations\1.14\animal-sniffer-annotations-1.14.jar;C:\Users\rixon\.m2\repository\com\squareup\okhttp3\okhttp\3.11.0\okhttp-3.11.0.jar;C:\Users\rixon\.m2\repository\com\squareup\okio\okio\1.14.0\okio-1.14.0.jar;C:\Users\rixon\.m2\repository\info\cukes\cucumber-junit\1.2.5\cucumber-junit-1.2.5.jar;C:\Users\rixon\.m2\repository\junit\junit\4.12\junit-4.12.jar;C:\Users\rixon\.m2\repository\org\hamcrest\hamcrest-core\1.3\hamcrest-core-1.3.jar;C:\Users\rixon\.m2\repository\org\apache\logging\log4j\log4j-api\2.8.2\log4j-api-2.8.2.jar;C:\Users\rixon\.m2\repository\org\apache\logging\log4j\log4j-core\2.8.2\log4j-core-2.8.2.jar;"/>
    <property name="java.vm.vendor" value="Oracle Corporation"/>
    <property name="sun.arch.data.model" value="64"/>
    <property name="user.variant" value=""/>
    <property name="java.vendor.url" value="http://java.oracle.com/"/>
    <property name="user.timezone" value="Europe/London"/>
    <property name="java.vm.specification.version" value="1.8"/>
    <property name="os.name" value="Windows 10"/>
    <property name="user.country" value="GB"/>
    <property name="sun.java.launcher" value="SUN_STANDARD"/>
    <property name="sun.boot.library.path" value="C:\Program Files\Java\jdk1.8.0_241\jre\bin"/>
    <property name="sun.java.command" value="C:\Users\rixon\AppData\Local\Temp\surefire4621628630649237127\surefirebooter8917833134973929061.jar C:\Users\rixon\AppData\Local\Temp\surefire4621628630649237127 2020-03-01T23-17-55_935-jvmRun1 surefire8478093271806696951tmp surefire_05993253108322593854tmp"/>
    <property name="surefire.test.class.path" value="C:\Users\rixon\eclipse-workspace\HMRC\target\test-classes;C:\Users\rixon\eclipse-workspace\HMRC\target\classes;C:\Users\rixon\.m2\repository\info\cukes\cucumber-java\1.2.5\cucumber-java-1.2.5.jar;C:\Users\rixon\.m2\repository\info\cukes\cucumber-core\1.2.5\cucumber-core-1.2.5.jar;C:\Users\rixon\.m2\repository\info\cukes\cucumber-html\0.2.3\cucumber-html-0.2.3.jar;C:\Users\rixon\.m2\repository\info\cukes\cucumber-jvm-deps\1.0.5\cucumber-jvm-deps-1.0.5.jar;C:\Users\rixon\.m2\repository\info\cukes\gherkin\2.12.2\gherkin-2.12.2.jar;C:\Users\rixon\.m2\repository\org\apache\commons\commons-lang3\3.9\commons-lang3-3.9.jar;C:\Users\rixon\.m2\repository\org\seleniumhq\selenium\selenium-java\3.141.59\selenium-java-3.141.59.jar;C:\Users\rixon\.m2\repository\org\seleniumhq\selenium\selenium-api\3.141.59\selenium-api-3.141.59.jar;C:\Users\rixon\.m2\repository\org\seleniumhq\selenium\selenium-chrome-driver\3.141.59\selenium-chrome-driver-3.141.59.jar;C:\Users\rixon\.m2\repository\org\seleniumhq\selenium\selenium-edge-driver\3.141.59\selenium-edge-driver-3.141.59.jar;C:\Users\rixon\.m2\repository\org\seleniumhq\selenium\selenium-firefox-driver\3.141.59\selenium-firefox-driver-3.141.59.jar;C:\Users\rixon\.m2\repository\org\seleniumhq\selenium\selenium-ie-driver\3.141.59\selenium-ie-driver-3.141.59.jar;C:\Users\rixon\.m2\repository\org\seleniumhq\selenium\selenium-opera-driver\3.141.59\selenium-opera-driver-3.141.59.jar;C:\Users\rixon\.m2\repository\org\seleniumhq\selenium\selenium-remote-driver\3.141.59\selenium-remote-driver-3.141.59.jar;C:\Users\rixon\.m2\repository\org\seleniumhq\selenium\selenium-safari-driver\3.141.59\selenium-safari-driver-3.141.59.jar;C:\Users\rixon\.m2\repository\org\seleniumhq\selenium\selenium-support\3.141.59\selenium-support-3.141.59.jar;C:\Users\rixon\.m2\repository\net\bytebuddy\byte-buddy\1.8.15\byte-buddy-1.8.15.jar;C:\Users\rixon\.m2\repository\org\apache\commons\commons-exec\1.3\commons-exec-1.3.jar;C:\Users\rixon\.m2\repository\com\google\guava\guava\25.0-jre\guava-25.0-jre.jar;C:\Users\rixon\.m2\repository\com\google\code\findbugs\jsr305\1.3.9\jsr305-1.3.9.jar;C:\Users\rixon\.m2\repository\org\checkerframework\checker-compat-qual\2.0.0\checker-compat-qual-2.0.0.jar;C:\Users\rixon\.m2\repository\com\google\errorprone\error_prone_annotations\2.1.3\error_prone_annotations-2.1.3.jar;C:\Users\rixon\.m2\repository\com\google\j2objc\j2objc-annotations\1.1\j2objc-annotations-1.1.jar;C:\Users\rixon\.m2\repository\org\codehaus\mojo\animal-sniffer-annotations\1.14\animal-sniffer-annotations-1.14.jar;C:\Users\rixon\.m2\repository\com\squareup\okhttp3\okhttp\3.11.0\okhttp-3.11.0.jar;C:\Users\rixon\.m2\repository\com\squareup\okio\okio\1.14.0\okio-1.14.0.jar;C:\Users\rixon\.m2\repository\info\cukes\cucumber-junit\1.2.5\cucumber-junit-1.2.5.jar;C:\Users\rixon\.m2\repository\junit\junit\4.12\junit-4.12.jar;C:\Users\rixon\.m2\repository\org\hamcrest\hamcrest-core\1.3\hamcrest-core-1.3.jar;C:\Users\rixon\.m2\repository\org\apache\logging\log4j\log4j-api\2.8.2\log4j-api-2.8.2.jar;C:\Users\rixon\.m2\repository\org\apache\logging\log4j\log4j-core\2.8.2\log4j-core-2.8.2.jar;"/>
    <property name="sun.cpu.endian" value="little"/>
    <property name="user.home" value="C:\Users\rixon"/>
    <property name="user.language" value="en"/>
    <property name="java.specification.vendor" value="Oracle Corporation"/>
    <property name="java.home" value="C:\Program Files\Java\jdk1.8.0_241\jre"/>
    <property name="basedir" value="C:\Users\rixon\eclipse-workspace\HMRC"/>
    <property name="file.separator" value="\"/>
    <property name="line.separator" value="&#10;"/>
    <property name="java.vm.specification.vendor" value="Oracle Corporation"/>
    <property name="java.specification.name" value="Java Platform API Specification"/>
    <property name="java.awt.graphicsenv" value="sun.awt.Win32GraphicsEnvironment"/>
    <property name="surefire.real.class.path" value="C:\Users\rixon\AppData\Local\Temp\surefire4621628630649237127\surefirebooter8917833134973929061.jar"/>
    <property name="sun.boot.class.path" value="C:\Program Files\Java\jdk1.8.0_241\jre\lib\resources.jar;C:\Program Files\Java\jdk1.8.0_241\jre\lib\rt.jar;C:\Program Files\Java\jdk1.8.0_241\jre\lib\sunrsasign.jar;C:\Program Files\Java\jdk1.8.0_241\jre\lib\jsse.jar;C:\Program Files\Java\jdk1.8.0_241\jre\lib\jce.jar;C:\Program Files\Java\jdk1.8.0_241\jre\lib\charsets.jar;C:\Program Files\Java\jdk1.8.0_241\jre\lib\jfr.jar;C:\Program Files\Java\jdk1.8.0_241\jre\classes"/>
    <property name="user.script" value=""/>
    <property name="sun.management.compiler" value="HotSpot 64-Bit Tiered Compilers"/>
    <property name="java.runtime.version" value="1.8.0_241-b07"/>
    <property name="user.name" value="rixon"/>
    <property name="path.separator" value=";"/>
    <property name="os.version" value="10.0"/>
    <property name="java.endorsed.dirs" value="C:\Program Files\Java\jdk1.8.0_241\jre\lib\endorsed"/>
    <property name="java.runtime.name" value="Java(TM) SE Runtime Environment"/>
    <property name="file.encoding" value="Cp1252"/>
    <property name="java.vm.name" value="Java HotSpot(TM) 64-Bit Server VM"/>
    <property name="localRepository" value="C:\Users\rixon\.m2\repository"/>
    <property name="java.vendor.url.bug" value="http://bugreport.sun.com/bugreport/"/>
    <property name="java.io.tmpdir" value="C:\Users\rixon\AppData\Local\Temp\"/>
    <property name="java.version" value="1.8.0_241"/>
    <property name="user.dir" value="C:\Users\rixon\eclipse-workspace\HMRC"/>
    <property name="os.arch" value="amd64"/>
    <property name="java.vm.specification.name" value="Java Virtual Machine Specification"/>
    <property name="java.awt.printerjob" value="sun.awt.windows.WPrinterJob"/>
    <property name="sun.os.patch.level" value=""/>
    <property name="java.library.path" value="C:\Program Files\Java\jdk1.8.0_241\jre\bin;C:\WINDOWS\Sun\Java\bin;C:\WINDOWS\system32;C:\WINDOWS;C:\Program Files (x86)\Common Files\Oracle\Java\javapath;C:\WINDOWS\system32;C:\WINDOWS;C:\WINDOWS\System32\Wbem;C:\WINDOWS\System32\WindowsPowerShell\v1.0\;C:\WINDOWS\System32\OpenSSH\;C:\Program Files\Java\jdk1.8.0_241\bin;C:\Program Files\Dev_Programs\apache-maven-3.6.3\bin;C:\Program Files\Git\cmd;C:\Users\rixon\AppData\Local\Microsoft\WindowsApps;;."/>
    <property name="java.vm.info" value="mixed mode"/>
    <property name="java.vendor" value="Oracle Corporation"/>
    <property name="java.vm.version" value="25.241-b07"/>
    <property name="java.ext.dirs" value="C:\Program Files\Java\jdk1.8.0_241\jre\lib\ext;C:\WINDOWS\Sun\Java\lib\ext"/>
    <property name="sun.io.unicode.encoding" value="UnicodeLittle"/>
    <property name="java.class.version" value="52.0"/>
  </properties>
  <testcase name="Given User on landing page" classname="| Mike | Wills | abcd1234 | 1 Broadway | mike@gmail.com | 58962 | 07922228058455 | New York |" time="0"/>
  <testcase name="When User click on sign in button" classname="| Mike | Wills | abcd1234 | 1 Broadway | mike@gmail.com | 58962 | 07922228058455 | New York |" time="0"/>
  <testcase name="Then user enters &quot;mike@gmail.com&quot;" classname="| Mike | Wills | abcd1234 | 1 Broadway | mike@gmail.com | 58962 | 07922228058455 | New York |" time="0"/>
  <testcase name="Then Click on Create an account button" classname="| Mike | Wills | abcd1234 | 1 Broadway | mike@gmail.com | 58962 | 07922228058455 | New York |" time="0"/>
  <testcase name="Then Enter &quot;Mike&quot; &quot;Wills&quot; &quot;abcd1234&quot; &quot;1 Broadway&quot; &quot;New York&quot; &quot;58962&quot;&quot;07922228058455&quot;" classname="| Mike | Wills | abcd1234 | 1 Broadway | mike@gmail.com | 58962 | 07922228058455 | New York |" time="0"/>
  <testcase name="Then Select State &quot;New York&quot;" classname="| Mike | Wills | abcd1234 | 1 Broadway | mike@gmail.com | 58962 | 07922228058455 | New York |" time="0"/>
  <testcase name="Then Click on Register" classname="| Mike | Wills | abcd1234 | 1 Broadway | mike@gmail.com | 58962 | 07922228058455 | New York |" time="0"/>
  <testcase name="Then Verify user logged in and landed on my account page" classname="| Mike | Wills | abcd1234 | 1 Broadway | mike@gmail.com | 58962 | 07922228058455 | New York |" time="0"/>
  <testcase name="Then Click on Signout" classname="| Mike | Wills | abcd1234 | 1 Broadway | mike@gmail.com | 58962 | 07922228058455 | New York |" time="0"/>
  <testcase name="| Mike | Wills | abcd1234 | 1 Broadway | mike@gmail.com | 58962 | 07922228058455 | New York |" classname="| Mike | Wills | abcd1234 | 1 Broadway | mike@gmail.com | 58962 | 07922228058455 | New York |" time="0.39"/>
  <testcase name="Given User on landing page" classname="Scenario: Existing customer login" time="0.001"/>
  <testcase name="When User click on sign in button" classname="Scenario: Existing customer login" time="0"/>
  <testcase name="Then Enter existing customer email id &quot;mike1@gmail.com&quot; and password &quot;abcd1234&quot;" classname="Scenario: Existing customer login" time="0"/>
  <testcase name="Then Click on sign in button in already registered box" classname="Scenario: Existing customer login" time="0"/>
  <testcase name="Then Verify user logged in and landed on my account page" classname="Scenario: Existing customer login" time="0"/>
  <testcase name="Then Click on Signout" classname="Scenario: Existing customer login" time="0"/>
  <testcase name="Scenario: Existing customer login" classname="Scenario: Existing customer login" time="0.097"/>
  <testcase name="Given User on landing page" classname="Scenario: Find the most expensive dress and add to cart" time="0"/>
  <testcase name="When User click on sign in button" classname="Scenario: Find the most expensive dress and add to cart" time="0.011"/>
  <testcase name="Then user click on dresses menu" classname="Scenario: Find the most expensive dress and add to cart" time="0"/>
  <testcase name="Then user select listview" classname="Scenario: Find the most expensive dress and add to cart" time="0"/>
  <testcase name="Then user select Highest Price from the dropdown" classname="Scenario: Find the most expensive dress and add to cart" time="0"/>
  <testcase name="Then Find most expensive dress and add it to the cart" classname="Scenario: Find the most expensive dress and add to cart" time="0"/>
  <testcase name="Scenario: Find the most expensive dress and add to cart" classname="Scenario: Find the most expensive dress and add to cart" time="0.087"/>
  <testcase name="Given User on landing page" classname="Scenario: Logged in customer logout and login again to verify item in cart" time="0"/>
  <testcase name="When User click on sign in button" classname="Scenario: Logged in customer logout and login again to verify item in cart" time="0"/>
  <testcase name="When User click on sign in button" classname="Scenario: Logged in customer logout and login again to verify item in cart" time="0"/>
  <testcase name="Then Enter existing customer email id &quot;mike1@gmail.com&quot; and password &quot;abcd1234&quot;" classname="Scenario: Logged in customer logout and login again to verify item in cart" time="0"/>
  <testcase name="Then Enter existing customer email id &quot;mike1@gmail.com&quot; and password &quot;abcd1234&quot;" classname="Scenario: Logged in customer logout and login again to verify item in cart" time="0"/>
  <testcase name="Then Click on sign in button in already registered box" classname="Scenario: Logged in customer logout and login again to verify item in cart" time="0"/>
  <testcase name="Then Click on sign in button in already registered box" classname="Scenario: Logged in customer logout and login again to verify item in cart" time="0"/>
  <testcase name="Then Verify user logged in and landed on my account page" classname="Scenario: Logged in customer logout and login again to verify item in cart" time="0"/>
  <testcase name="Then user click on dresses menu" classname="Scenario: Logged in customer logout and login again to verify item in cart" time="0"/>
  <testcase name="Then user select listview" classname="Scenario: Logged in customer logout and login again to verify item in cart" time="0"/>
  <testcase name="Then user select Highest Price from the dropdown" classname="Scenario: Logged in customer logout and login again to verify item in cart" time="0"/>
  <testcase name="Then Find most expensive dress and add it to the cart" classname="Scenario: Logged in customer logout and login again to verify item in cart" time="0"/>
  <testcase name="Then Verify the item is still in the cart" classname="Scenario: Logged in customer logout and login again to verify item in cart" time="0"/>
  <testcase name="Then Verify the item is still in the cart" classname="Scenario: Logged in customer logout and login again to verify item in cart" time="0.02">
    <error message="no such element: Unable to locate element: {&quot;method&quot;:&quot;xpath&quot;,&quot;selector&quot;:&quot;//span[@class=&apos;heading-counter&apos;]&quot;}&#10;  (Session info: chrome=80.0.3987.122)&#10;For documentation on this error, please visit: https://www.seleniumhq.org/exceptions/no_such_element.html&#10;Build info: version: &apos;3.141.59&apos;, revision: &apos;e82be7d358&apos;, time: &apos;2018-11-14T08:17:03&apos;&#10;System info: host: &apos;RIXON7&apos;, ip: &apos;192.168.0.77&apos;, os.name: &apos;Windows 10&apos;, os.arch: &apos;amd64&apos;, os.version: &apos;10.0&apos;, java.version: &apos;1.8.0_241&apos;&#10;Driver info: org.openqa.selenium.chrome.ChromeDriver&#10;Capabilities {acceptInsecureCerts: false, browserName: chrome, browserVersion: 80.0.3987.122, chrome: {chromedriverVersion: 79.0.3945.36 (3582db32b3389..., userDataDir: C:\Users\rixon\AppData\Loca...}, goog:chromeOptions: {debuggerAddress: localhost:62135}, javascriptEnabled: true, networkConnectionEnabled: false, pageLoadStrategy: normal, platform: WINDOWS, platformName: WINDOWS, proxy: Proxy(), setWindowRect: true, strictFileInteractability: false, timeouts: {implicit: 0, pageLoad: 300000, script: 30000}, unhandledPromptBehavior: dismiss and notify}&#10;Session ID: a9282f174c291e81777d7f8f0ee6ab9d&#10;*** Element info: {Using=xpath, value=//span[@class=&apos;heading-counter&apos;]}" type="org.openqa.selenium.NoSuchElementException">org.openqa.selenium.NoSuchElementException: 
no such element: Unable to locate element: {"method":"xpath","selector":"//span[@class='heading-counter']"}
  (Session info: chrome=80.0.3987.122)
For documentation on this error, please visit: https://www.seleniumhq.org/exceptions/no_such_element.html
Build info: version: '3.141.59', revision: 'e82be7d358', time: '2018-11-14T08:17:03'
System info: host: 'RIXON7', ip: '192.168.0.77', os.name: 'Windows 10', os.arch: 'amd64', os.version: '10.0', java.version: '1.8.0_241'
Driver info: org.openqa.selenium.chrome.ChromeDriver
Capabilities {acceptInsecureCerts: false, browserName: chrome, browserVersion: 80.0.3987.122, chrome: {chromedriverVersion: 79.0.3945.36 (3582db32b3389..., userDataDir: C:\Users\rixon\AppData\Loca...}, goog:chromeOptions: {debuggerAddress: localhost:62135}, javascriptEnabled: true, networkConnectionEnabled: false, pageLoadStrategy: normal, platform: WINDOWS, platformName: WINDOWS, proxy: Proxy(), setWindowRect: true, strictFileInteractability: false, timeouts: {implicit: 0, pageLoad: 300000, script: 30000}, unhandledPromptBehavior: dismiss and notify}
Session ID: a9282f174c291e81777d7f8f0ee6ab9d
*** Element info: {Using=xpath, value=//span[@class='heading-counter']}
</error>
  </testcase>
  <testcase name="Then Click on Signout" classname="Scenario: Logged in customer logout and login again to verify item in cart" time="0"/>
  <testcase name="Scenario: Logged in customer logout and login again to verify item in cart" classname="Scenario: Logged in customer logout and login again to verify item in cart" time="0.021">
    <error message="no such element: Unable to locate element: {&quot;method&quot;:&quot;xpath&quot;,&quot;selector&quot;:&quot;//span[@class=&apos;heading-counter&apos;]&quot;}&#10;  (Session info: chrome=80.0.3987.122)&#10;For documentation on this error, please visit: https://www.seleniumhq.org/exceptions/no_such_element.html&#10;Build info: version: &apos;3.141.59&apos;, revision: &apos;e82be7d358&apos;, time: &apos;2018-11-14T08:17:03&apos;&#10;System info: host: &apos;RIXON7&apos;, ip: &apos;192.168.0.77&apos;, os.name: &apos;Windows 10&apos;, os.arch: &apos;amd64&apos;, os.version: &apos;10.0&apos;, java.version: &apos;1.8.0_241&apos;&#10;Driver info: org.openqa.selenium.chrome.ChromeDriver&#10;Capabilities {acceptInsecureCerts: false, browserName: chrome, browserVersion: 80.0.3987.122, chrome: {chromedriverVersion: 79.0.3945.36 (3582db32b3389..., userDataDir: C:\Users\rixon\AppData\Loca...}, goog:chromeOptions: {debuggerAddress: localhost:62135}, javascriptEnabled: true, networkConnectionEnabled: false, pageLoadStrategy: normal, platform: WINDOWS, platformName: WINDOWS, proxy: Proxy(), setWindowRect: true, strictFileInteractability: false, timeouts: {implicit: 0, pageLoad: 300000, script: 30000}, unhandledPromptBehavior: dismiss and notify}&#10;Session ID: a9282f174c291e81777d7f8f0ee6ab9d&#10;*** Element info: {Using=xpath, value=//span[@class=&apos;heading-counter&apos;]}" type="org.openqa.selenium.NoSuchElementException">org.openqa.selenium.NoSuchElementException: 
no such element: Unable to locate element: {"method":"xpath","selector":"//span[@class='heading-counter']"}
  (Session info: chrome=80.0.3987.122)
For documentation on this error, please visit: https://www.seleniumhq.org/exceptions/no_such_element.html
Build info: version: '3.141.59', revision: 'e82be7d358', time: '2018-11-14T08:17:03'
System info: host: 'RIXON7', ip: '192.168.0.77', os.name: 'Windows 10', os.arch: 'amd64', os.version: '10.0', java.version: '1.8.0_241'
Driver info: org.openqa.selenium.chrome.ChromeDriver
Capabilities {acceptInsecureCerts: false, browserName: chrome, browserVersion: 80.0.3987.122, chrome: {chromedriverVersion: 79.0.3945.36 (3582db32b3389..., userDataDir: C:\Users\rixon\AppData\Loca...}, goog:chromeOptions: {debuggerAddress: localhost:62135}, javascriptEnabled: true, networkConnectionEnabled: false, pageLoadStrategy: normal, platform: WINDOWS, platformName: WINDOWS, proxy: Proxy(), setWindowRect: true, strictFileInteractability: false, timeouts: {implicit: 0, pageLoad: 300000, script: 30000}, unhandledPromptBehavior: dismiss and notify}
Session ID: a9282f174c291e81777d7f8f0ee6ab9d
*** Element info: {Using=xpath, value=//span[@class='heading-counter']}
</error>
  </testcase>
</testsuite>